{"/Users/havivbitton/code/IITC/2024/9.September/5/server.js": {"path":"/Users/havivbitton/code/IITC/2024/9.September/5/server.js","statementMap":{"0":{"start":{"line":1,"column":14},"end":{"line":1,"column":30}},"1":{"start":{"line":2,"column":16},"end":{"line":2,"column":34}},"2":{"start":{"line":4,"column":12},"end":{"line":4,"column":21}},"3":{"start":{"line":5,"column":13},"end":{"line":5,"column":17}},"4":{"start":{"line":7,"column":16},"end":{"line":7,"column":42}},"5":{"start":{"line":9,"column":0},"end":{"line":9,"column":24}},"6":{"start":{"line":12,"column":0},"end":{"line":20,"column":3}},"7":{"start":{"line":13,"column":2},"end":{"line":19,"column":3}},"8":{"start":{"line":14,"column":21},"end":{"line":14,"column":59}},"9":{"start":{"line":15,"column":4},"end":{"line":15,"column":28}},"10":{"start":{"line":17,"column":4},"end":{"line":17,"column":49}},"11":{"start":{"line":18,"column":4},"end":{"line":18,"column":41}},"12":{"start":{"line":23,"column":0},"end":{"line":35,"column":3}},"13":{"start":{"line":24,"column":17},"end":{"line":24,"column":27}},"14":{"start":{"line":25,"column":2},"end":{"line":34,"column":3}},"15":{"start":{"line":26,"column":21},"end":{"line":26,"column":65}},"16":{"start":{"line":27,"column":4},"end":{"line":29,"column":5}},"17":{"start":{"line":28,"column":6},"end":{"line":28,"column":55}},"18":{"start":{"line":30,"column":4},"end":{"line":30,"column":28}},"19":{"start":{"line":32,"column":4},"end":{"line":32,"column":49}},"20":{"start":{"line":33,"column":4},"end":{"line":33,"column":41}},"21":{"start":{"line":37,"column":0},"end":{"line":65,"column":3}},"22":{"start":{"line":38,"column":2},"end":{"line":64,"column":3}},"23":{"start":{"line":40,"column":24},"end":{"line":46,"column":5}},"24":{"start":{"line":47,"column":4},"end":{"line":49,"column":5}},"25":{"start":{"line":48,"column":6},"end":{"line":48,"column":72}},"26":{"start":{"line":51,"column":27},"end":{"line":51,"column":48}},"27":{"start":{"line":52,"column":21},"end":{"line":52,"column":66}},"28":{"start":{"line":54,"column":4},"end":{"line":57,"column":7}},"29":{"start":{"line":60,"column":4},"end":{"line":63,"column":7}},"30":{"start":{"line":68,"column":0},"end":{"line":70,"column":3}},"31":{"start":{"line":69,"column":2},"end":{"line":69,"column":63}},"32":{"start":{"line":72,"column":0},"end":{"line":72,"column":21}}},"fnMap":{"0":{"name":"(anonymous_0)","decl":{"start":{"line":12,"column":21},"end":{"line":12,"column":22}},"loc":{"start":{"line":12,"column":41},"end":{"line":20,"column":1}},"line":12},"1":{"name":"(anonymous_1)","decl":{"start":{"line":23,"column":25},"end":{"line":23,"column":26}},"loc":{"start":{"line":23,"column":45},"end":{"line":35,"column":1}},"line":23},"2":{"name":"(anonymous_2)","decl":{"start":{"line":37,"column":26},"end":{"line":37,"column":27}},"loc":{"start":{"line":37,"column":46},"end":{"line":65,"column":1}},"line":37},"3":{"name":"(anonymous_3)","decl":{"start":{"line":68,"column":17},"end":{"line":68,"column":18}},"loc":{"start":{"line":68,"column":23},"end":{"line":70,"column":1}},"line":68}},"branchMap":{"0":{"loc":{"start":{"line":27,"column":4},"end":{"line":29,"column":5}},"type":"if","locations":[{"start":{"line":27,"column":4},"end":{"line":29,"column":5}},{"start":{},"end":{}}],"line":27},"1":{"loc":{"start":{"line":47,"column":4},"end":{"line":49,"column":5}},"type":"if","locations":[{"start":{"line":47,"column":4},"end":{"line":49,"column":5}},{"start":{},"end":{}}],"line":47}},"s":{"0":1,"1":1,"2":1,"3":1,"4":1,"5":1,"6":1,"7":1,"8":1,"9":1,"10":0,"11":0,"12":1,"13":2,"14":2,"15":2,"16":2,"17":1,"18":1,"19":0,"20":0,"21":1,"22":1,"23":1,"24":1,"25":0,"26":1,"27":1,"28":1,"29":0,"30":1,"31":1,"32":1},"f":{"0":1,"1":2,"2":1,"3":1},"b":{"0":[1,1],"1":[0,1]},"_coverageSchema":"1a1c01bbd47fc00a2c39e90264f33305004495a9","hash":"ce2de5c014b4ad15c3d95ebe0038656107f1f149"}
}
