TN:
SF:server.js
FN:12,(anonymous_0)
FN:23,(anonymous_1)
FN:37,(anonymous_2)
FN:68,(anonymous_3)
FNF:4
FNH:4
FNDA:1,(anonymous_0)
FNDA:2,(anonymous_1)
FNDA:1,(anonymous_2)
FNDA:1,(anonymous_3)
DA:1,1
DA:2,1
DA:4,1
DA:5,1
DA:7,1
DA:9,1
DA:12,1
DA:13,1
DA:14,1
DA:15,1
DA:17,0
DA:18,0
DA:23,1
DA:24,2
DA:25,2
DA:26,2
DA:27,2
DA:28,1
DA:30,1
DA:32,0
DA:33,0
DA:37,1
DA:38,1
DA:40,1
DA:47,1
DA:48,0
DA:51,1
DA:52,1
DA:54,1
DA:60,0
DA:68,1
DA:69,1
DA:72,1
LF:33
LH:27
BRDA:27,0,0,1
BRDA:27,0,1,1
BRDA:47,1,0,0
BRDA:47,1,1,1
BRF:4
BRH:3
end_of_record
